
  .   ____          _            __ _ _
 /\\ / ___'_ __ _ _(_)_ __  __ _ \ \ \ \
( ( )\___ | '_ | '_| | '_ \/ _` | \ \ \ \
 \\/  ___)| |_)| | | | | || (_| |  ) ) ) )
  '  |____| .__|_| |_|_| |_\__, | / / / /
 =========|_|==============|___/=/_/_/_/

 :: Spring Boot ::                (v3.4.1)

2025-01-18T22:05:59.306+05:30  INFO 9922 --- [           main] com.ems.application.EmsApplication       : Starting EmsApplication v0.0.1-SNAPSHOT using Java 21.0.2 with PID 9922 (/Users/vishalbharat/Desktop/projects/employee-management-system/build/libs/application-0.0.1-SNAPSHOT.jar started by vishalbharat in /Users/vishalbharat/Desktop/projects/employee-management-system)
2025-01-18T22:05:59.317+05:30  INFO 9922 --- [           main] com.ems.application.EmsApplication       : No active profile set, falling back to 1 default profile: "default"
2025-01-18T22:05:59.505+05:30  INFO 9922 --- [           main] .e.DevToolsPropertyDefaultsPostProcessor : For additional web related logging consider setting the 'logging.level.web' property to 'DEBUG'
2025-01-18T22:06:01.033+05:30  INFO 9922 --- [           main] .s.d.r.c.RepositoryConfigurationDelegate : Bootstrapping Spring Data JPA repositories in DEFAULT mode.
2025-01-18T22:06:01.163+05:30  INFO 9922 --- [           main] .s.d.r.c.RepositoryConfigurationDelegate : Finished Spring Data repository scanning in 114 ms. Found 2 JPA repository interfaces.
2025-01-18T22:06:02.616+05:30  INFO 9922 --- [           main] o.s.b.w.embedded.tomcat.TomcatWebServer  : Tomcat initialized with port 8080 (http)
2025-01-18T22:06:02.650+05:30  INFO 9922 --- [           main] o.apache.catalina.core.StandardService   : Starting service [Tomcat]
2025-01-18T22:06:02.650+05:30  INFO 9922 --- [           main] o.apache.catalina.core.StandardEngine    : Starting Servlet engine: [Apache Tomcat/10.1.34]
2025-01-18T22:06:02.707+05:30  INFO 9922 --- [           main] o.a.c.c.C.[Tomcat].[localhost].[/]       : Initializing Spring embedded WebApplicationContext
2025-01-18T22:06:02.709+05:30  INFO 9922 --- [           main] w.s.c.ServletWebServerApplicationContext : Root WebApplicationContext: initialization completed in 3199 ms
2025-01-18T22:06:03.136+05:30  INFO 9922 --- [           main] o.hibernate.jpa.internal.util.LogHelper  : HHH000204: Processing PersistenceUnitInfo [name: default]
2025-01-18T22:06:03.216+05:30  INFO 9922 --- [           main] org.hibernate.Version                    : HHH000412: Hibernate ORM core version 6.6.4.Final
2025-01-18T22:06:03.254+05:30  INFO 9922 --- [           main] o.h.c.internal.RegionFactoryInitiator    : HHH000026: Second-level cache disabled
2025-01-18T22:06:03.789+05:30  INFO 9922 --- [           main] o.s.o.j.p.SpringPersistenceUnitInfo      : No LoadTimeWeaver setup: ignoring JPA class transformer
2025-01-18T22:06:03.835+05:30  INFO 9922 --- [           main] com.zaxxer.hikari.HikariDataSource       : HikariPool-1 - Starting...
2025-01-18T22:06:04.089+05:30  INFO 9922 --- [           main] com.zaxxer.hikari.pool.HikariPool        : HikariPool-1 - Added connection com.mysql.cj.jdbc.ConnectionImpl@47be41c6
2025-01-18T22:06:04.092+05:30  INFO 9922 --- [           main] com.zaxxer.hikari.HikariDataSource       : HikariPool-1 - Start completed.
2025-01-18T22:06:04.162+05:30  WARN 9922 --- [           main] org.hibernate.orm.deprecation            : HHH90000025: MySQLDialect does not need to be specified explicitly using 'hibernate.dialect' (remove the property setting and it will be selected by default)
2025-01-18T22:06:04.206+05:30  INFO 9922 --- [           main] org.hibernate.orm.connections.pooling    : HHH10001005: Database info:
	Database JDBC URL [Connecting through datasource 'HikariDataSource (HikariPool-1)']
	Database driver: undefined/unknown
	Database version: 8.4.3
	Autocommit mode: undefined/unknown
	Isolation level: undefined/unknown
	Minimum pool size: undefined/unknown
	Maximum pool size: undefined/unknown
2025-01-18T22:06:05.651+05:30  INFO 9922 --- [           main] o.h.e.t.j.p.i.JtaPlatformInitiator       : HHH000489: No JTA platform available (set 'hibernate.transaction.jta.platform' to enable JTA platform integration)
2025-01-18T22:06:05.754+05:30  INFO 9922 --- [           main] j.LocalContainerEntityManagerFactoryBean : Initialized JPA EntityManagerFactory for persistence unit 'default'
2025-01-18T22:06:06.644+05:30  WARN 9922 --- [           main] JpaBaseConfiguration$JpaWebConfiguration : spring.jpa.open-in-view is enabled by default. Therefore, database queries may be performed during view rendering. Explicitly configure spring.jpa.open-in-view to disable this warning
2025-01-18T22:06:07.378+05:30  INFO 9922 --- [           main] o.s.b.w.embedded.tomcat.TomcatWebServer  : Tomcat started on port 8080 (http) with context path '/'
2025-01-18T22:06:07.406+05:30  INFO 9922 --- [           main] com.ems.application.EmsApplication       : Started EmsApplication in 9.307 seconds (process running for 10.673)
